Running generation 0
Generation: 0 survived scenarios: 34 score: 0.472222 time: 90.49
167 34
315 34
930 34
117 33
482 33
513 33
774 33
71 32
101 32
222 32
310 32
346 32
658 32
709 32
775 32
787 32
858 32
869 32
916 32
952 32
1007 32
149 31
226 31
305 31
312 31
407 31
411 31
453 31
466 31
527 31
554 31
565 31
618 31
695 31
797 31
848 31
0 30
11 30
65 30
100 30
130 30
158 30
161 30
229 30
231 30
238 30
290 30
323 30
401 30
422 30
430 30
438 30
447 30
499 30
508 30
520 30
568 30
612 30
655 30
661 30
751 30
817 30
880 30
913 30
938 30
946 30
961 30
1017 30
1019 30
4 29
5 29
22 29
27 29
64 29
81 29
93 29
115 29
119 29
150 29
178 29
227 29
234 29
243 29
250 29
257 29
272 29
282 29
288 29
295 29
303 29
355 29
394 29
408 29
410 29
421 29
426 29
436 29
467 29
479 29
493 29
494 29
501 29
503 29
543 29
559 29
583 29
629 29
633 29
648 29
653 29
664 29
667 29
676 29
689 29
690 29
791 29
792 29
801 29
804 29
864 29
918 29
971 29
990 29
999 29
1012 29
1023 29
37 28
38 28
46 28
48 28
72 28
74 28
78 28
96 28
121 28
127 28
131 28
145 28
146 28
165 28
166 28
179 28
194 28
210 28
211 28
242 28
248 28
253 28
278 28
309 28
336 28
337 28
338 28
395 28
400 28
437 28
472 28
528 28
574 28
586 28
587 28
600 28
616 28
640 28
647 28
678 28
682 28
726 28
736 28
749 28
760 28
779 28
782 28
785 28
794 28
802 28
815 28
826 28
836 28
842 28
855 28
860 28
878 28
889 28
921 28
928 28
932 28
942 28
943 28
949 28
977 28
978 28
983 28
993 28
13 27
54 27
56 27
66 27
68 27
86 27
87 27
95 27
99 27
140 27
157 27
181 27
184 27
187 27
188 27
204 27
216 27
218 27
230 27
233 27
240 27
291 27
302 27
329 27
347 27
367 27
368 27
373 27
379 27
387 27
423 27
427 27
439 27
443 27
462 27
463 27
470 27
471 27
478 27
484 27
496 27
523 27
545 27
551 27
562 27
578 27
590 27
607 27
624 27
636 27
643 27
669 27
705 27
716 27
720 27
728 27
737 27
739 27
753 27
756 27
780 27
800 27
819 27
832 27
834 27
838 27
841 27
854 27
861 27
865 27
886 27
891 27
899 27
917 27
923 27
925 27
936 27
944 27
950 27
957 27
960 27
962 27
963 27
964 27
989 27
994 27
1003 27
1004 27
1006 27
1013 27
2 26
12 26
16 26
24 26
31 26
33 26
36 26
42 26
61 26
73 26
79 26
82 26
85 26
94 26
97 26
123 26
126 26
168 26
185 26
191 26
220 26
225 26
235 26
236 26
246 26
255 26
261 26
281 26
285 26
314 26
320 26
321 26
324 26
330 26
335 26
344 26
345 26
354 26
358 26
362 26
364 26
370 26
374 26
383 26
385 26
388 26
416 26
425 26
441 26
444 26
445 26
448 26
454 26
483 26
487 26
490 26
505 26
514 26
529 26
530 26
540 26
550 26
560 26
573 26
579 26
581 26
596 26
598 26
610 26
641 26
649 26
665 26
668 26
704 26
745 26
761 26
765 26
772 26
778 26
783 26
788 26
796 26
803 26
805 26
806 26
814 26
831 26
840 26
859 26
885 26
893 26
902 26
904 26
908 26
927 26
940 26
948 26
954 26
956 26
965 26
966 26
974 26
980 26
982 26
1015 26
23 25
25 25
26 25
28 25
39 25
52 25
92 25
98 25
105 25
107 25
108 25
109 25
122 25
125 25
134 25
136 25
144 25
148 25
159 25
169 25
177 25
180 25
183 25
189 25
192 25
195 25
198 25
200 25
223 25
228 25
232 25
239 25
244 25
259 25
264 25
267 25
276 25
292 25
297 25
304 25
308 25
316 25
319 25
322 25
327 25
343 25
350 25
353 25
357 25
359 25
375 25
389 25
424 25
431 25
435 25
450 25
455 25
458 25
465 25
469 25
481 25
489 25
497 25
519 25
531 25
536 25
538 25
544 25
557 25
561 25
569 25
571 25
572 25
577 25
584 25
588 25
589 25
602 25
608 25
609 25
615 25
622 25
626 25
627 25
639 25
642 25
645 25
651 25
666 25
675 25
692 25
697 25
698 25
699 25
706 25
714 25
723 25
732 25
743 25
747 25
759 25
767 25
770 25
773 25
812 25
824 25
833 25
835 25
839 25
851 25
874 25
875 25
896 25
906 25
909 25
910 25
912 25
915 25
937 25
951 25
979 25
1001 25
1008 25
1014 25
1016 25
1 24
6 24
7 24
9 24
17 24
18 24
29 24
43 24
53 24
55 24
59 24
75 24
91 24
106 24
111 24
113 24
116 24
137 24
138 24
152 24
175 24
176 24
214 24
221 24
245 24
254 24
260 24
269 24
280 24
286 24
294 24
307 24
331 24
332 24
348 24
351 24
356 24
369 24
377 24
378 24
390 24
403 24
412 24
432 24
442 24
446 24
474 24
476 24
480 24
485 24
502 24
510 24
515 24
516 24
518 24
522 24
541 24
556 24
564 24
585 24
591 24
606 24
613 24
617 24
621 24
625 24
632 24
659 24
674 24
680 24
683 24
696 24
710 24
712 24
722 24
727 24
735 24
738 24
741 24
746 24
754 24
758 24
762 24
763 24
764 24
768 24
777 24
813 24
816 24
823 24
845 24
850 24
852 24
862 24
863 24
867 24
871 24
872 24
877 24
881 24
888 24
897 24
919 24
929 24
934 24
958 24
968 24
969 24
970 24
973 24
981 24
984 24
988 24
991 24
1010 24
3 23
15 23
19 23
34 23
45 23
58 23
63 23
83 23
102 23
110 23
114 23
147 23
151 23
155 23
156 23
162 23
164 23
171 23
174 23
182 23
186 23
203 23
206 23
207 23
208 23
209 23
215 23
237 23
251 23
252 23
268 23
273 23
274 23
277 23
293 23
301 23
306 23
325 23
328 23
334 23
339 23
340 23
352 23
361 23
366 23
381 23
393 23
406 23
420 23
440 23
449 23
451 23
456 23
457 23
460 23
461 23
464 23
495 23
509 23
517 23
524 23
548 23
553 23
567 23
576 23
594 23
599 23
601 23
620 23
635 23
644 23
652 23
657 23
660 23
662 23
673 23
684 23
700 23
717 23
731 23
744 23
748 23
769 23
781 23
784 23
807 23
811 23
825 23
829 23
844 23
866 23
873 23
884 23
890 23
895 23
898 23
903 23
905 23
914 23
926 23
931 23
933 23
939 23
945 23
986 23
992 23
995 23
998 23
1011 23
8 22
30 22
35 22
44 22
49 22
50 22
51 22
57 22
67 22
69 22
76 22
77 22
80 22
88 22
89 22
90 22
118 22
120 22
135 22
154 22
163 22
173 22
202 22
205 22
213 22
219 22
249 22
263 22
275 22
289 22
296 22
318 22
333 22
342 22
349 22
363 22
371 22
386 22
397 22
402 22
434 22
475 22
477 22
486 22
506 22
507 22
511 22
525 22
532 22
549 22
563 22
593 22
595 22
603 22
614 22
628 22
650 22
677 22
681 22
688 22
694 22
703 22
708 22
711 22
718 22
719 22
721 22
730 22
734 22
740 22
776 22
798 22
799 22
808 22
818 22
822 22
827 22
830 22
837 22
846 22
853 22
868 22
870 22
879 22
883 22
907 22
911 22
941 22
959 22
985 22
1000 22
1018 22
1021 22
14 21
62 21
84 21
128 21
172 21
190 21
193 21
196 21
212 21
217 21
247 21
256 21
270 21
279 21
283 21
300 21
313 21
360 21
365 21
372 21
415 21
419 21
433 21
459 21
468 21
473 21
491 21
492 21
500 21
512 21
526 21
535 21
539 21
546 21
547 21
558 21
580 21
582 21
597 21
638 21
646 21
663 21
670 21
691 21
701 21
707 21
729 21
742 21
750 21
752 21
755 21
766 21
786 21
789 21
793 21
795 21
856 21
892 21
975 21
987 21
1005 21
1009 21
1020 21
1022 21
20 20
21 20
41 20
70 20
103 20
124 20
132 20
141 20
199 20
224 20
241 20
258 20
262 20
265 20
266 20
311 20
317 20
376 20
380 20
396 20
399 20
404 20
413 20
414 20
417 20
428 20
488 20
542 20
552 20
555 20
566 20
570 20
592 20
619 20
631 20
671 20
686 20
713 20
715 20
733 20
790 20
809 20
887 20
900 20
901 20
920 20
924 20
935 20
955 20
972 20
976 20
997 20
32 19
40 19
112 19
133 19
142 19
170 19
201 19
287 19
326 19
382 19
384 19
391 19
405 19
409 19
429 19
452 19
504 19
533 19
534 19
537 19
604 19
623 19
630 19
656 19
685 19
687 19
693 19
725 19
810 19
828 19
849 19
857 19
882 19
922 19
953 19
967 19
60 18
104 18
139 18
160 18
197 18
271 18
298 18
299 18
341 18
392 18
398 18
418 18
521 18
575 18
634 18
672 18
679 18
702 18
724 18
757 18
821 18
843 18
894 18
1002 18
143 17
611 17
637 17
771 17
820 17
947 17
47 16
153 16
284 16
498 16
654 16
996 16
129 15
605 15
847 14
876 14
10 13
Number of generations: 0
Best score: 34
Total evolution time: 90.69
