Running generation 0
Generation: 0 survived scenarios: 35 score: 0.486111 time: 1619.82
81 35
48 34
176 34
146 33
407 33
475 33
31 32
117 32
441 32
453 32
551 32
629 32
858 32
921 32
981 32
1017 32
46 31
191 31
229 31
242 31
280 31
308 31
386 31
410 31
568 31
723 31
832 31
127 30
137 30
145 30
158 30
226 30
281 30
316 30
349 30
401 30
411 30
554 30
574 30
643 30
644 30
653 30
664 30
734 30
740 30
745 30
802 30
806 30
869 30
980 30
991 30
994 30
1009 30
13 29
16 29
82 29
130 29
239 29
246 29
248 29
250 29
302 29
315 29
326 29
331 29
353 29
433 29
445 29
454 29
464 29
472 29
489 29
523 29
543 29
571 29
577 29
608 29
617 29
621 29
649 29
666 29
678 29
686 29
749 29
779 29
791 29
826 29
867 29
943 29
958 29
978 29
21 28
25 28
87 28
88 28
144 28
147 28
149 28
150 28
154 28
166 28
234 28
253 28
268 28
269 28
283 28
285 28
305 28
310 28
312 28
340 28
346 28
355 28
367 28
378 28
408 28
426 28
438 28
474 28
482 28
494 28
496 28
509 28
517 28
518 28
519 28
531 28
552 28
585 28
591 28
607 28
633 28
658 28
668 28
705 28
726 28
773 28
774 28
787 28
795 28
803 28
819 28
824 28
840 28
841 28
842 28
850 28
854 28
877 28
880 28
885 28
886 28
902 28
912 28
916 28
977 28
979 28
998 28
1007 28
1021 28
6 27
12 27
64 27
65 27
102 27
119 27
157 27
169 27
174 27
179 27
188 27
214 27
218 27
222 27
227 27
231 27
257 27
266 27
272 27
278 27
284 27
286 27
291 27
294 27
297 27
301 27
303 27
330 27
336 27
347 27
350 27
368 27
385 27
394 27
421 27
430 27
436 27
447 27
458 27
479 27
497 27
499 27
505 27
506 27
510 27
527 27
553 27
576 27
594 27
609 27
612 27
631 27
665 27
685 27
695 27
718 27
744 27
794 27
845 27
862 27
866 27
875 27
881 27
915 27
944 27
948 27
962 27
965 27
973 27
983 27
988 27
4 26
8 26
26 26
68 26
73 26
74 26
80 26
83 26
86 26
95 26
113 26
116 26
121 26
131 26
156 26
165 26
167 26
181 26
198 26
212 26
216 26
220 26
233 26
235 26
255 26
274 26
282 26
307 26
309 26
313 26
322 26
324 26
337 26
338 26
342 26
361 26
379 26
395 26
400 26
405 26
414 26
420 26
424 26
427 26
434 26
437 26
444 26
467 26
488 26
490 26
501 26
508 26
524 26
525 26
542 26
547 26
580 26
583 26
636 26
648 26
651 26
659 26
663 26
667 26
671 26
698 26
708 26
729 26
732 26
765 26
775 26
785 26
788 26
796 26
805 26
818 26
821 26
827 26
831 26
838 26
846 26
889 26
892 26
898 26
930 26
940 26
951 26
956 26
963 26
970 26
974 26
985 26
1001 26
2 25
5 25
17 25
18 25
29 25
42 25
51 25
66 25
92 25
96 25
100 25
101 25
107 25
124 25
125 25
141 25
159 25
160 25
162 25
164 25
177 25
182 25
185 25
187 25
213 25
236 25
237 25
238 25
247 25
258 25
267 25
275 25
290 25
296 25
304 25
329 25
343 25
348 25
363 25
381 25
387 25
388 25
404 25
406 25
419 25
422 25
432 25
443 25
449 25
461 25
465 25
466 25
478 25
486 25
493 25
502 25
514 25
515 25
534 25
536 25
538 25
544 25
550 25
558 25
581 25
590 25
595 25
606 25
616 25
628 25
646 25
676 25
679 25
683 25
704 25
712 25
742 25
755 25
760 25
761 25
767 25
769 25
772 25
792 25
793 25
799 25
804 25
813 25
825 25
829 25
839 25
852 25
861 25
864 25
884 25
897 25
914 25
922 25
927 25
931 25
936 25
937 25
938 25
939 25
942 25
946 25
954 25
957 25
961 25
967 25
971 25
982 25
987 25
1003 25
1010 25
1013 25
0 24
15 24
23 24
35 24
36 24
43 24
54 24
55 24
58 24
62 24
77 24
90 24
93 24
106 24
110 24
115 24
122 24
134 24
135 24
163 24
168 24
180 24
193 24
204 24
206 24
210 24
211 24
223 24
224 24
263 24
276 24
293 24
295 24
323 24
328 24
332 24
333 24
351 24
359 24
365 24
372 24
382 24
383 24
390 24
393 24
397 24
418 24
425 24
439 24
446 24
462 24
470 24
500 24
503 24
513 24
521 24
559 24
565 24
575 24
578 24
582 24
587 24
600 24
603 24
610 24
627 24
639 24
652 24
657 24
661 24
677 24
682 24
690 24
700 24
701 24
720 24
722 24
748 24
763 24
777 24
778 24
780 24
781 24
783 24
784 24
789 24
790 24
797 24
798 24
801 24
812 24
814 24
823 24
851 24
863 24
872 24
887 24
905 24
911 24
917 24
949 24
952 24
959 24
966 24
997 24
999 24
1008 24
1015 24
20 23
38 23
39 23
44 23
50 23
57 23
71 23
72 23
75 23
99 23
103 23
105 23
111 23
126 23
140 23
153 23
172 23
192 23
195 23
221 23
228 23
260 23
262 23
265 23
270 23
292 23
298 23
321 23
335 23
354 23
357 23
358 23
366 23
369 23
370 23
371 23
373 23
396 23
409 23
423 23
429 23
431 23
442 23
459 23
471 23
476 23
481 23
487 23
511 23
532 23
540 23
545 23
548 23
556 23
557 23
562 23
564 23
566 23
569 23
570 23
572 23
573 23
615 23
619 23
630 23
637 23
662 23
688 23
689 23
691 23
693 23
702 23
709 23
714 23
738 23
741 23
750 23
751 23
752 23
753 23
808 23
809 23
816 23
830 23
834 23
836 23
837 23
853 23
855 23
859 23
871 23
878 23
888 23
895 23
896 23
918 23
950 23
953 23
968 23
984 23
990 23
992 23
996 23
1019 23
1 22
3 22
11 22
14 22
19 22
22 22
27 22
32 22
33 22
34 22
49 22
60 22
76 22
94 22
98 22
109 22
114 22
118 22
143 22
190 22
200 22
207 22
217 22
254 22
320 22
327 22
334 22
345 22
352 22
356 22
389 22
398 22
399 22
415 22
440 22
448 22
456 22
457 22
460 22
480 22
484 22
507 22
516 22
535 22
541 22
555 22
584 22
586 22
593 22
599 22
601 22
622 22
626 22
632 22
645 22
655 22
656 22
660 22
669 22
684 22
692 22
699 22
711 22
721 22
730 22
731 22
736 22
739 22
746 22
747 22
754 22
758 22
762 22
768 22
770 22
786 22
811 22
822 22
833 22
835 22
847 22
883 22
890 22
899 22
903 22
904 22
906 22
908 22
920 22
929 22
932 22
941 22
945 22
947 22
955 22
960 22
986 22
993 22
1000 22
1011 22
1020 22
1022 22
10 21
24 21
45 21
53 21
56 21
61 21
67 21
78 21
84 21
85 21
91 21
97 21
108 21
120 21
129 21
136 21
138 21
151 21
152 21
155 21
161 21
170 21
171 21
173 21
178 21
196 21
203 21
225 21
240 21
244 21
245 21
259 21
273 21
314 21
318 21
325 21
339 21
344 21
364 21
375 21
376 21
380 21
391 21
413 21
455 21
463 21
468 21
477 21
485 21
512 21
528 21
539 21
546 21
560 21
561 21
563 21
579 21
592 21
596 21
597 21
598 21
602 21
604 21
611 21
613 21
624 21
625 21
640 21
647 21
674 21
687 21
694 21
696 21
697 21
713 21
716 21
743 21
759 21
815 21
843 21
844 21
848 21
860 21
874 21
876 21
894 21
901 21
907 21
913 21
924 21
925 21
926 21
964 21
969 21
975 21
989 21
1004 21
1012 21
7 20
9 20
30 20
37 20
40 20
52 20
69 20
70 20
123 20
132 20
142 20
148 20
175 20
184 20
194 20
197 20
202 20
205 20
209 20
230 20
252 20
256 20
264 20
277 20
288 20
306 20
317 20
319 20
341 20
362 20
402 20
416 20
435 20
483 20
492 20
526 20
529 20
618 20
620 20
623 20
634 20
670 20
672 20
673 20
707 20
715 20
719 20
727 20
733 20
756 20
764 20
807 20
810 20
820 20
856 20
868 20
882 20
891 20
900 20
910 20
934 20
1005 20
1014 20
1016 20
1018 20
1023 20
41 19
79 19
104 19
139 19
183 19
186 19
208 19
232 19
241 19
243 19
249 19
251 19
271 19
279 19
287 19
374 19
412 19
417 19
451 19
452 19
469 19
473 19
491 19
495 19
641 19
680 19
703 19
706 19
710 19
717 19
725 19
737 19
757 19
771 19
800 19
828 19
928 19
933 19
972 19
1002 19
1006 19
47 18
201 18
219 18
261 18
289 18
300 18
377 18
428 18
498 18
520 18
530 18
533 18
537 18
614 18
642 18
650 18
675 18
681 18
728 18
735 18
766 18
776 18
782 18
817 18
849 18
865 18
873 18
879 18
893 18
909 18
935 18
976 18
995 18
28 17
63 17
89 17
112 17
128 17
299 17
384 17
392 17
450 17
504 17
567 17
588 17
605 17
638 17
724 17
857 17
919 17
59 16
199 16
215 16
311 16
360 16
522 16
549 16
870 16
189 15
403 15
589 15
654 15
133 14
635 14
923 13
Running generation 1
